-------------------------------------------------------------------------------
Test set: com.example.codepaste.SnippetRepositoryIntegrationTests
-------------------------------------------------------------------------------
Tests run: 1, Failures: 1, Errors: 0, Skipped: 0, Time elapsed: 2.305 s <<< FAILURE! - in com.example.codepaste.SnippetRepositoryIntegrationTests
findAllByOrderByDateDesc  Time elapsed: 0.035 s  <<< FAILURE!
org.opentest4j.AssertionFailedError: 

expected: 3
 but was: 10
	at com.example.codepaste.SnippetRepositoryIntegrationTests.findAllByOrderByDateDesc(SnippetRepositoryIntegrationTests.java:36)

