<?xml version="1.0" encoding="UTF-8"?>
<testsuite xmlns:xsi="http://www.w3.org/2001/XMLSchema-instance" xsi:noNamespaceSchemaLocation="https://maven.apache.org/surefire/maven-surefire-plugin/xsd/surefire-test-report.xsd" name="com.example.codepaste.SnippetRepositoryIntegrationTests" time="2.305" tests="1" errors="0" skipped="0" failures="1">
  <properties>
[...]
</properties>
  <testcase name="findAllByOrderByDateDesc" classname="com.example.codepaste.SnippetRepositoryIntegrationTests" time="0.035">
    <failure message="&#10;expected: 3&#10; but was: 10" type="org.opentest4j.AssertionFailedError">org.opentest4j.AssertionFailedError: 

expected: 3
 but was: 10
	at com.example.codepaste.SnippetRepositoryIntegrationTests.findAllByOrderByDateDesc(SnippetRepositoryIntegrationTests.java:36)
</failure>
    <system-out><![CDATA[2022-06-12 03:32:59.420  INFO 78926 --- [           main] b.t.a.o.j.DataJpaTestContextBootstrapper : Neither @ContextConfiguration nor @ContextHierarchy found for test class [com.example.codepaste.SnippetRepositoryIntegrationTests], using SpringBootContextLoader
2022-06-12 03:32:59.421  INFO 78926 --- [           main] o.s.t.c.support.AbstractContextLoader    : Could not detect default resource locations for test class [com.example.codepaste.SnippetRepositoryIntegrationTests]: no resource found for suffixes {-context.xml, Context.groovy}.
2022-06-12 03:32:59.421  INFO 78926 --- [           main] t.c.s.AnnotationConfigContextLoaderUtils : Could not detect default configuration classes for test class [com.example.codepaste.SnippetRepositoryIntegrationTests]: SnippetRepositoryIntegrationTests does not declare any static, non-private, non-final, nested classes annotated with @Configuration.
2022-06-12 03:32:59.429  INFO 78926 --- [           main] .b.t.c.SpringBootTestContextBootstrapper : Found @SpringBootConfiguration com.example.codepaste.CodepasteApplication for test class com.example.codepaste.SnippetRepositoryIntegrationTests
2022-06-12 03:32:59.430  INFO 78926 --- [           main] b.t.a.o.j.DataJpaTestContextBootstrapper : Loaded default TestExecutionListener class names from location [META-INF/spring.factories]: [org.springframework.boot.test.mock.mockito.MockitoTestExecutionListener, org.springframework.boot.test.mock.mockito.ResetMocksTestExecutionListener, org.springframework.boot.test.autoconfigure.restdocs.RestDocsTestExecutionListener, org.springframework.boot.test.autoconfigure.web.client.MockRestServiceServerResetTestExecutionListener, org.springframework.boot.test.autoconfigure.web.servlet.MockMvcPrintOnlyOnFailureTestExecutionListener, org.springframework.boot.test.autoconfigure.web.servlet.WebDriverTestExecutionListener, org.springframework.boot.test.autoconfigure.webservices.client.MockWebServiceServerTestExecutionListener, org.springframework.test.context.web.ServletTestExecutionListener, org.springframework.test.context.support.DirtiesContextBeforeModesTestExecutionListener, org.springframework.test.context.event.ApplicationEventsTestExecutionListener, org.springframework.test.context.support.DependencyInjectionTestExecutionListener, org.springframework.test.context.support.DirtiesContextTestExecutionListener, org.springframework.test.context.transaction.TransactionalTestExecutionListener, org.springframework.test.context.jdbc.SqlScriptsTestExecutionListener, org.springframework.test.context.event.EventPublishingTestExecutionListener]
2022-06-12 03:32:59.430  INFO 78926 --- [           main] b.t.a.o.j.DataJpaTestContextBootstrapper : Using TestExecutionListeners: [org.springframework.test.context.web.ServletTestExecutionListener@3c28cd9a, org.springframework.test.context.support.DirtiesContextBeforeModesTestExecutionListener@94047a4, org.springframework.test.context.event.ApplicationEventsTestExecutionListener@257de910, org.springframework.boot.test.mock.mockito.MockitoTestExecutionListener@18ab86a2, org.springframework.boot.test.autoconfigure.SpringBootDependencyInjectionTestExecutionListener@6295cc30, org.springframework.test.context.support.DirtiesContextTestExecutionListener@69e3caa1, org.springframework.test.context.transaction.TransactionalTestExecutionListener@231c8be4, org.springframework.test.context.jdbc.SqlScriptsTestExecutionListener@674687b3, org.springframework.test.context.event.EventPublishingTestExecutionListener@2bfe2327, org.springframework.boot.test.mock.mockito.ResetMocksTestExecutionListener@5cbf423b, org.springframework.boot.test.autoconfigure.restdocs.RestDocsTestExecutionListener@1b3ba1e3, org.springframework.boot.test.autoconfigure.web.client.MockRestServiceServerResetTestExecutionListener@4893d628, org.springframework.boot.test.autoconfigure.web.servlet.MockMvcPrintOnlyOnFailureTestExecutionListener@122e2306, org.springframework.boot.test.autoconfigure.web.servlet.WebDriverTestExecutionListener@342615e2, org.springframework.boot.test.autoconfigure.webservices.client.MockWebServiceServerTestExecutionListener@72548e3c]
2022-06-12 03:32:59.431  INFO 78926 --- [           main] 🐳 [postgres:latest]                     : Creating container for image: postgres:latest
2022-06-12 03:32:59.467  INFO 78926 --- [           main] 🐳 [postgres:latest]                     : Container postgres:latest is starting: 622c0782262b12c3c0144d62cd147e393d8cd62142a1528cff12ee8b7eefc886
2022-06-12 03:33:01.086  INFO 78926 --- [           main] 🐳 [postgres:latest]                     : Container postgres:latest started in PT1.656061S

  .   ____          _            __ _ _
 /\\ / ___'_ __ _ _(_)_ __  __ _ \ \ \ \
( ( )\___ | '_ | '_| | '_ \/ _` | \ \ \ \
 \\/  ___)| |_)| | | | | || (_| |  ) ) ) )
  '  |____| .__|_| |_|_| |_\__, | / / / /
 =========|_|==============|___/=/_/_/_/
 :: Spring Boot ::                (v2.7.0)

2022-06-12 03:33:01.107  INFO 78926 --- [           main] c.e.c.SnippetRepositoryIntegrationTests  : Starting SnippetRepositoryIntegrationTests using Java 17.0.1 on TannerLdMacBook.lan with PID 78926 (started by tannerlankford in /Users/tannerlankford/Documents/Programming Classes/CodePaste)
2022-06-12 03:33:01.107  INFO 78926 --- [           main] c.e.c.SnippetRepositoryIntegrationTests  : No active profile set, falling back to 1 default profile: "default"
2022-06-12 03:33:01.169  INFO 78926 --- [           main] .s.d.r.c.RepositoryConfigurationDelegate : Bootstrapping Spring Data JPA repositories in DEFAULT mode.
2022-06-12 03:33:01.174  INFO 78926 --- [           main] .s.d.r.c.RepositoryConfigurationDelegate : Finished Spring Data repository scanning in 5 ms. Found 1 JPA repository interfaces.
2022-06-12 03:33:01.235  INFO 78926 --- [           main] o.hibernate.jpa.internal.util.LogHelper  : HHH000204: Processing PersistenceUnitInfo [name: default]
2022-06-12 03:33:01.239  INFO 78926 --- [           main] com.zaxxer.hikari.HikariDataSource       : HikariPool-2 - Starting...
2022-06-12 03:33:01.248  INFO 78926 --- [           main] com.zaxxer.hikari.HikariDataSource       : HikariPool-2 - Start completed.
2022-06-12 03:33:01.248  INFO 78926 --- [           main] org.hibernate.dialect.Dialect            : HHH000400: Using dialect: org.hibernate.dialect.PostgreSQL10Dialect
2022-06-12 03:33:01.293  INFO 78926 --- [           main] o.h.e.t.j.p.i.JtaPlatformInitiator       : HHH000490: Using JtaPlatform implementation: [org.hibernate.engine.transaction.jta.platform.internal.NoJtaPlatform]
2022-06-12 03:33:01.293  INFO 78926 --- [           main] j.LocalContainerEntityManagerFactoryBean : Initialized JPA EntityManagerFactory for persistence unit 'default'
2022-06-12 03:33:01.413  INFO 78926 --- [           main] c.e.c.SnippetRepositoryIntegrationTests  : Started SnippetRepositoryIntegrationTests in 0.324 seconds (JVM running for 10.727)
2022-06-12 03:33:01.421  INFO 78926 --- [           main] o.s.t.c.transaction.TransactionContext   : Began transaction (1) for test context [DefaultTestContext@78167 testClass = SnippetRepositoryIntegrationTests, testInstance = com.example.codepaste.SnippetRepositoryIntegrationTests@214738c1, testMethod = findAllByOrderByDateDesc@SnippetRepositoryIntegrationTests, testException = [null], mergedContextConfiguration = [MergedContextConfiguration@623dc959 testClass = SnippetRepositoryIntegrationTests, locations = '{}', classes = '{class com.example.codepaste.CodepasteApplication}', contextInitializerClasses = '[]', activeProfiles = '{}', propertySourceLocations = '{}', propertySourceProperties = '{org.springframework.boot.test.autoconfigure.orm.jpa.DataJpaTestContextBootstrapper=true}', contextCustomizers = set[[ImportsContextCustomizer@7aac05e2 key = [org.springframework.boot.autoconfigure.cache.CacheAutoConfiguration, org.springframework.boot.autoconfigure.data.jpa.JpaRepositoriesAutoConfiguration, org.springframework.boot.autoconfigure.flyway.FlywayAutoConfiguration, org.springframework.boot.autoconfigure.jdbc.DataSourceAutoConfiguration, org.springframework.boot.autoconfigure.jdbc.DataSourceTransactionManagerAutoConfiguration, org.springframework.boot.autoconfigure.jdbc.JdbcTemplateAutoConfiguration, org.springframework.boot.autoconfigure.liquibase.LiquibaseAutoConfiguration, org.springframework.boot.autoconfigure.orm.jpa.HibernateJpaAutoConfiguration, org.springframework.boot.autoconfigure.sql.init.SqlInitializationAutoConfiguration, org.springframework.boot.autoconfigure.transaction.TransactionAutoConfiguration, org.springframework.boot.test.autoconfigure.jdbc.TestDatabaseAutoConfiguration, org.springframework.boot.test.autoconfigure.orm.jpa.TestEntityManagerAutoConfiguration]], org.springframework.boot.test.context.filter.ExcludeFilterContextCustomizer@7a35b0f5, org.springframework.boot.test.json.DuplicateJsonObjectContextCustomizerFactory$DuplicateJsonObjectContextCustomizer@645aa696, org.springframework.boot.test.mock.mockito.MockitoContextCustomizer@0, org.springframework.boot.test.autoconfigure.OverrideAutoConfigurationContextCustomizerFactory$DisableAutoConfigurationContextCustomizer@4f573b84, org.springframework.boot.test.autoconfigure.actuate.metrics.MetricsExportContextCustomizerFactory$DisableMetricExportContextCustomizer@2b40ff9c, org.springframework.boot.test.autoconfigure.filter.TypeExcludeFiltersContextCustomizer@351584c0, org.springframework.boot.test.autoconfigure.properties.PropertyMappingContextCustomizer@d9b62f88, org.springframework.boot.test.autoconfigure.web.servlet.WebDriverContextCustomizerFactory$Customizer@1972e513, org.springframework.boot.test.context.SpringBootTestArgs@1, org.springframework.boot.test.context.SpringBootTestWebEnvironment@0], contextLoader = 'org.springframework.boot.test.context.SpringBootContextLoader', parent = [null]], attributes = map['org.springframework.test.context.event.ApplicationEventsTestExecutionListener.recordApplicationEvents' -> false]]; transaction manager [org.springframework.orm.jpa.JpaTransactionManager@1eaf95d2]; rollback [true]
Hibernate: 
    select
        codesnippe0_.id as id1_0_,
        codesnippe0_.code as code2_0_,
        codesnippe0_.date as date3_0_,
        codesnippe0_.enabled as enabled4_0_,
        codesnippe0_.time_remaining as time_rem5_0_,
        codesnippe0_.time_restriction as time_res6_0_,
        codesnippe0_.view_restriction as view_res7_0_,
        codesnippe0_.views as views8_0_ 
    from
        snippets codesnippe0_ 
    order by
        codesnippe0_.date desc
2022-06-12 03:33:01.443  INFO 78926 --- [           main] o.s.t.c.transaction.TransactionContext   : Rolled back transaction for test: [DefaultTestContext@78167 testClass = SnippetRepositoryIntegrationTests, testInstance = com.example.codepaste.SnippetRepositoryIntegrationTests@214738c1, testMethod = findAllByOrderByDateDesc@SnippetRepositoryIntegrationTests, testException = org.opentest4j.AssertionFailedError: 
expected: 3
 but was: 10, mergedContextConfiguration = [MergedContextConfiguration@623dc959 testClass = SnippetRepositoryIntegrationTests, locations = '{}', classes = '{class com.example.codepaste.CodepasteApplication}', contextInitializerClasses = '[]', activeProfiles = '{}', propertySourceLocations = '{}', propertySourceProperties = '{org.springframework.boot.test.autoconfigure.orm.jpa.DataJpaTestContextBootstrapper=true}', contextCustomizers = set[[ImportsContextCustomizer@7aac05e2 key = [org.springframework.boot.autoconfigure.cache.CacheAutoConfiguration, org.springframework.boot.autoconfigure.data.jpa.JpaRepositoriesAutoConfiguration, org.springframework.boot.autoconfigure.flyway.FlywayAutoConfiguration, org.springframework.boot.autoconfigure.jdbc.DataSourceAutoConfiguration, org.springframework.boot.autoconfigure.jdbc.DataSourceTransactionManagerAutoConfiguration, org.springframework.boot.autoconfigure.jdbc.JdbcTemplateAutoConfiguration, org.springframework.boot.autoconfigure.liquibase.LiquibaseAutoConfiguration, org.springframework.boot.autoconfigure.orm.jpa.HibernateJpaAutoConfiguration, org.springframework.boot.autoconfigure.sql.init.SqlInitializationAutoConfiguration, org.springframework.boot.autoconfigure.transaction.TransactionAutoConfiguration, org.springframework.boot.test.autoconfigure.jdbc.TestDatabaseAutoConfiguration, org.springframework.boot.test.autoconfigure.orm.jpa.TestEntityManagerAutoConfiguration]], org.springframework.boot.test.context.filter.ExcludeFilterContextCustomizer@7a35b0f5, org.springframework.boot.test.json.DuplicateJsonObjectContextCustomizerFactory$DuplicateJsonObjectContextCustomizer@645aa696, org.springframework.boot.test.mock.mockito.MockitoContextCustomizer@0, org.springframework.boot.test.autoconfigure.OverrideAutoConfigurationContextCustomizerFactory$DisableAutoConfigurationContextCustomizer@4f573b84, org.springframework.boot.test.autoconfigure.actuate.metrics.MetricsExportContextCustomizerFactory$DisableMetricExportContextCustomizer@2b40ff9c, org.springframework.boot.test.autoconfigure.filter.TypeExcludeFiltersContextCustomizer@351584c0, org.springframework.boot.test.autoconfigure.properties.PropertyMappingContextCustomizer@d9b62f88, org.springframework.boot.test.autoconfigure.web.servlet.WebDriverContextCustomizerFactory$Customizer@1972e513, org.springframework.boot.test.context.SpringBootTestArgs@1, org.springframework.boot.test.context.SpringBootTestWebEnvironment@0], contextLoader = 'org.springframework.boot.test.context.SpringBootContextLoader', parent = [null]], attributes = map['org.springframework.test.context.event.ApplicationEventsTestExecutionListener.recordApplicationEvents' -> false]]
]]></system-out>
  </testcase>
</testsuite>